<?xml version="1.0" encoding="UTF-8"?>
<!-- Generated by org.testng.reporters.JUnitReportReporter -->
<testsuite skipped="0" hostname="Abrahams-MacBook-Air.local" name="MainTest.lunchingApp" tests="1" failures="0" timestamp="23 May 2019 22:54:54 GMT" time="15.549" errors="0">
  <testcase name="CalculateTest" time="15.549" classname="MainTest.lunchingApp"/>
</testsuite> <!-- MainTest.lunchingApp -->
